2020-07-03 13:15:53 INFO:log:Inicio programa
2020-07-03 13:16:02 INFO:log:Leyendo path
2020-07-03 13:16:11 ERROR:log:Config was not find on the path. Check if it´s call config.xml
2020-07-03 13:16:11 ERROR:log:ERROR, ERROR, ERROR
2020-07-03 13:17:11 INFO:log:Inicio programa
2020-07-03 13:17:11 INFO:log:Leyendo path
2020-07-03 13:17:31 INFO:log:Fin de la ejecucion.
2020-07-03 13:17:45 INFO:log:Inicio programa
2020-07-03 13:17:45 INFO:log:Leyendo path
2020-07-03 13:17:49 ERROR:log:Config was not find on the path. Check if it´s call config.xml
2020-07-03 13:17:49 ERROR:log:ERROR, ERROR, ERROR
2020-07-03 13:17:49 INFO:log:Fin de la ejecucion.
2020-07-03 13:18:17 INFO:log:Inicio programa
2020-07-03 13:18:17 INFO:log:Leyendo path
2020-07-03 13:18:22 INFO:log:Config readed.
2020-07-03 13:19:31 INFO:log:Fin de la ejecucion.
2020-07-03 13:19:39 INFO:log:Inicio programa
2020-07-03 13:19:39 INFO:log:Leyendo path
2020-07-03 13:19:46 INFO:log:Config readed.
2020-07-03 13:20:39 INFO:log:Fin de la ejecucion.
2020-07-03 13:20:48 INFO:log:Inicio programa
2020-07-03 13:20:48 INFO:log:Leyendo path
2020-07-03 13:20:53 INFO:log:Config readed.
2020-07-03 13:26:02 INFO:log:Fin de la ejecucion.
